0 info it worked if it ends with ok
1 verbose cli [ 'C:\\Program Files (x86)\\nodejs\\node.exe',
1 verbose cli   'C:\\Program Files (x86)\\nodejs\\node_modules\\npm\\bin\\npm-cli.js',
1 verbose cli   'start' ]
2 info using npm@3.10.10
3 info using node@v6.10.3
4 warn onload-script failed to require onload script npm-autoinit/autoinit
5 warn onload-script Error: Cannot find module 'npm-autoinit/autoinit'
5 warn onload-script     at Function.Module._resolveFilename (module.js:469:15)
5 warn onload-script     at Function.Module._load (module.js:417:25)
5 warn onload-script     at Module.require (module.js:497:17)
5 warn onload-script     at require (internal/module.js:20:19)
5 warn onload-script     at cb (C:\Program Files (x86)\nodejs\node_modules\npm\lib\npm.js:199:11)
5 warn onload-script     at C:\Program Files (x86)\nodejs\node_modules\npm\lib\npm.js:304:16
5 warn onload-script     at C:\Program Files (x86)\nodejs\node_modules\npm\lib\config\core.js:81:7
5 warn onload-script     at Array.forEach (native)
5 warn onload-script     at C:\Program Files (x86)\nodejs\node_modules\npm\lib\config\core.js:80:13
5 warn onload-script     at f (C:\Program Files (x86)\nodejs\node_modules\npm\node_modules\once\once.js:25:25)
5 warn onload-script  { Error: Cannot find module 'npm-autoinit/autoinit'
5 warn onload-script     at Function.Module._resolveFilename (module.js:469:15)
5 warn onload-script     at Function.Module._load (module.js:417:25)
5 warn onload-script     at Module.require (module.js:497:17)
5 warn onload-script     at require (internal/module.js:20:19)
5 warn onload-script     at cb (C:\Program Files (x86)\nodejs\node_modules\npm\lib\npm.js:199:11)
5 warn onload-script     at C:\Program Files (x86)\nodejs\node_modules\npm\lib\npm.js:304:16
5 warn onload-script     at C:\Program Files (x86)\nodejs\node_modules\npm\lib\config\core.js:81:7
5 warn onload-script     at Array.forEach (native)
5 warn onload-script     at C:\Program Files (x86)\nodejs\node_modules\npm\lib\config\core.js:80:13
5 warn onload-script     at f (C:\Program Files (x86)\nodejs\node_modules\npm\node_modules\once\once.js:25:25) code: 'MODULE_NOT_FOUND' }
6 verbose run-script [ 'prestart', 'start', 'poststart' ]
7 info lifecycle Agendain6av@0.0.0~prestart: Agendain6av@0.0.0
8 silly lifecycle Agendain6av@0.0.0~prestart: no script for prestart, continuing
9 info lifecycle Agendain6av@0.0.0~start: Agendain6av@0.0.0
10 verbose lifecycle Agendain6av@0.0.0~start: unsafe-perm in lifecycle true
11 verbose lifecycle Agendain6av@0.0.0~start: PATH: C:\Program Files (x86)\nodejs\node_modules\npm\bin\node-gyp-bin;C:\Users\AMD\Documents\Tonio 4to\Tareas\Projects\agenda-nodejs\node_modules\.bin;C:\ProgramData\Oracle\Java\javapath;C:\WINDOWS\system32;C:\WINDOWS;C:\WINDOWS\System32\Wbem;C:\WINDOWS\System32\WindowsPowerShell\v1.0\;;C:\Program Files (x86)\Windows Live\Shared;C:\Program Files (x86)\ATI Technologies\ATI.ACE\Core-Static;C:\Program Files\Java\jdk1.8.0_60\bin;C:\Program Files (x86)\QuickTime\QTSystem\;C:\Program Files\Git\cmd;C:\Program Files (x86)\Microsoft SQL Server\Client SDK\ODBC\110\Tools\Binn\;C:\Program Files (x86)\Microsoft SQL Server\120\Tools\Binn\;C:\Program Files (x86)\Microsoft SQL Server\120\DTS\Binn\;C:\Program Files (x86)\Microsoft SQL Server\120\Tools\Binn\ManagementStudio\;C:\WINDOWS\system32\config\systemprofile\.dnx\bin;C:\Program Files\Microsoft DNX\Dnvm\;C:\Program Files (x86)\Windows Kits\8.1\Windows Performance Toolkit\;C:\Program Files\Microsoft SQL Server\130\Tools\Binn\;C:\Program Files (x86)\Skype\Phone\;C:\xampp\php;C:\Program Files\dotnet\;C:\Program Files (x86)\nodejs\;C:\Users\AMD\AppData\Local\Microsoft\WindowsApps;C:\Program Files (x86)\Microsoft VS Code\bin;C:\Users\AMD\AppData\Roaming\npm;
12 verbose lifecycle Agendain6av@0.0.0~start: CWD: C:\Users\AMD\Documents\Tonio 4to\Tareas\Projects\agenda-nodejs
13 silly lifecycle Agendain6av@0.0.0~start: Args: [ '/d /s /c', 'node ./bin/www' ]
14 silly lifecycle Agendain6av@0.0.0~start: Returned: code: 1  signal: null
15 info lifecycle Agendain6av@0.0.0~start: Failed to exec start script
16 verbose stack Error: Agendain6av@0.0.0 start: `node ./bin/www`
16 verbose stack Exit status 1
16 verbose stack     at EventEmitter.<anonymous> (C:\Program Files (x86)\nodejs\node_modules\npm\lib\utils\lifecycle.js:255:16)
16 verbose stack     at emitTwo (events.js:106:13)
16 verbose stack     at EventEmitter.emit (events.js:191:7)
16 verbose stack     at ChildProcess.<anonymous> (C:\Program Files (x86)\nodejs\node_modules\npm\lib\utils\spawn.js:40:14)
16 verbose stack     at emitTwo (events.js:106:13)
16 verbose stack     at ChildProcess.emit (events.js:191:7)
16 verbose stack     at maybeClose (internal/child_process.js:886:16)
16 verbose stack     at Process.ChildProcess._handle.onexit (internal/child_process.js:226:5)
17 verbose pkgid Agendain6av@0.0.0
18 verbose cwd C:\Users\AMD\Documents\Tonio 4to\Tareas\Projects\agenda-nodejs
19 error Windows_NT 10.0.15063
20 error argv "C:\\Program Files (x86)\\nodejs\\node.exe" "C:\\Program Files (x86)\\nodejs\\node_modules\\npm\\bin\\npm-cli.js" "start"
21 error node v6.10.3
22 error npm  v3.10.10
23 error code ELIFECYCLE
24 error Agendain6av@0.0.0 start: `node ./bin/www`
24 error Exit status 1
25 error Failed at the Agendain6av@0.0.0 start script 'node ./bin/www'.
25 error Make sure you have the latest version of node.js and npm installed.
25 error If you do, this is most likely a problem with the Agendain6av package,
25 error not with npm itself.
25 error Tell the author that this fails on your system:
25 error     node ./bin/www
25 error You can get information on how to open an issue for this project with:
25 error     npm bugs Agendain6av
25 error Or if that isn't available, you can get their info via:
25 error     npm owner ls Agendain6av
25 error There is likely additional logging output above.
26 verbose exit [ 1, true ]
